2014-09-13 23:39:21.814 GMT Thread[main,5,main] Cleanup action starting
ERROR XBM0H: Directory /var/lib/hive/metastore/metastore_db cannot be created.
	at org.apache.derby.iapi.error.StandardException.newException(Unknown Source)
	at org.apache.derby.impl.services.monitor.StorageFactoryService$9.run(Unknown Source)
	at java.security.AccessController.doPrivileged(Native Method)
	at org.apache.derby.impl.services.monitor.StorageFactoryService.createServiceRoot(Unknown Source)
	at org.apache.derby.impl.services.monitor.BaseMonitor.bootService(Unknown Source)
	at org.apache.derby.impl.services.monitor.BaseMonitor.createPersistentService(Unknown Source)
	at org.apache.derby.iapi.services.monitor.Monitor.createPersistentService(Unknown Source)
	at org.apache.derby.impl.jdbc.EmbedConnection.createDatabase(Unknown Source)
	at org.apache.derby.impl.jdbc.EmbedConnection.<init>(Unknown Source)
	at org.apache.derby.impl.jdbc.EmbedConnection30.<init>(Unknown Source)
	at org.apache.derby.impl.jdbc.EmbedConnection40.<init>(Unknown Source)
	at org.apache.derby.jdbc.Driver40.getNewEmbedConnection(Unknown Source)
	at org.apache.derby.jdbc.InternalDriver.connect(Unknown Source)
	at org.apache.derby.jdbc.AutoloadedDriver.connect(Unknown Source)
	at java.sql.DriverManager.getConnection(DriverManager.java:571)
	at java.sql.DriverManager.getConnection(DriverManager.java:187)
	at com.jolbox.bonecp.BoneCP.obtainRawInternalConnection(BoneCP.java:254)
	at com.jolbox.bonecp.BoneCP.<init>(BoneCP.java:305)
	at com.jolbox.bonecp.BoneCPDataSource.maybeInit(BoneCPDataSource.java:150)
	at com.jolbox.bonecp.BoneCPDataSource.getConnection(BoneCPDataSource.java:112)
	at org.datanucleus.store.rdbms.ConnectionFactoryImpl$ManagedConnectionImpl.getConnection(ConnectionFactoryImpl.java:479)
	at org.datanucleus.store.rdbms.RDBMSStoreManager.<init>(RDBMSStoreManager.java:304)
	at sun.reflect.NativeConstructorAccessorImpl.newInstance0(Native Method)
	at sun.reflect.NativeConstructorAccessorImpl.newInstance(NativeConstructorAccessorImpl.java:57)
	at sun.reflect.DelegatingConstructorAccessorImpl.newInstance(DelegatingConstructorAccessorImpl.java:45)
	at java.lang.reflect.Constructor.newInstance(Constructor.java:526)
	at org.datanucleus.plugin.NonManagedPluginRegistry.createExecutableExtension(NonManagedPluginRegistry.java:631)
	at org.datanucleus.plugin.PluginManager.createExecutableExtension(PluginManager.java:301)
	at org.datanucleus.NucleusContext.createStoreManagerForProperties(NucleusContext.java:1069)
	at org.datanucleus.NucleusContext.initialise(NucleusContext.java:359)
	at org.datanucleus.api.jdo.JDOPersistenceManagerFactory.freezeConfiguration(JDOPersistenceManagerFactory.java:768)
	at org.datanucleus.api.jdo.JDOPersistenceManagerFactory.createPersistenceManagerFactory(JDOPersistenceManagerFactory.java:326)
	at org.datanucleus.api.jdo.JDOPersistenceManagerFactory.getPersistenceManagerFactory(JDOPersistenceManagerFactory.java:195)
	at sun.reflect.NativeMethodAccessorImpl.invoke0(Native Method)
	at sun.reflect.NativeMethodAccessorImpl.invoke(NativeMethodAccessorImpl.java:57)
	at sun.reflect.DelegatingMethodAccessorImpl.invoke(DelegatingMethodAccessorImpl.java:43)
	at java.lang.reflect.Method.invoke(Method.java:606)
	at javax.jdo.JDOHelper$16.run(JDOHelper.java:1965)
	at java.security.AccessController.doPrivileged(Native Method)
	at javax.jdo.JDOHelper.invoke(JDOHelper.java:1960)
	at javax.jdo.JDOHelper.invokeGetPersistenceManagerFactoryOnImplementation(JDOHelper.java:1166)
	at javax.jdo.JDOHelper.getPersistenceManagerFactory(JDOHelper.java:808)
	at javax.jdo.JDOHelper.getPersistenceManagerFactory(JDOHelper.java:701)
	at org.apache.hadoop.hive.metastore.ObjectStore.getPMF(ObjectStore.java:300)
	at org.apache.hadoop.hive.metastore.ObjectStore.getPersistenceManager(ObjectStore.java:329)
	at org.apache.hadoop.hive.metastore.ObjectStore.initialize(ObjectStore.java:238)
	at org.apache.hadoop.hive.metastore.ObjectStore.setConf(ObjectStore.java:213)
	at org.apache.hadoop.util.ReflectionUtils.setConf(ReflectionUtils.java:73)
	at org.apache.hadoop.util.ReflectionUtils.newInstance(ReflectionUtils.java:133)
	at org.apache.hadoop.hive.metastore.RawStoreProxy.<init>(RawStoreProxy.java:58)
	at org.apache.hadoop.hive.metastore.RawStoreProxy.getProxy(RawStoreProxy.java:67)
	at org.apache.hadoop.hive.metastore.HiveMetaStore$HMSHandler.newRawStore(HiveMetaStore.java:420)
	at org.apache.hadoop.hive.metastore.HiveMetaStore$HMSHandler.getMS(HiveMetaStore.java:407)
	at org.apache.hadoop.hive.metastore.HiveMetaStore$HMSHandler.createDefaultDB(HiveMetaStore.java:446)
	at org.apache.hadoop.hive.metastore.HiveMetaStore$HMSHandler.init(HiveMetaStore.java:333)
	at org.apache.hadoop.hive.metastore.HiveMetaStore$HMSHandler.<init>(HiveMetaStore.java:293)
	at org.apache.hadoop.hive.metastore.RetryingHMSHandler.<init>(RetryingHMSHandler.java:54)
	at org.apache.hadoop.hive.metastore.RetryingHMSHandler.getProxy(RetryingHMSHandler.java:59)
	at org.apache.hadoop.hive.metastore.HiveMetaStore.newHMSHandler(HiveMetaStore.java:4085)
	at org.apache.hadoop.hive.metastore.HiveMetaStoreClient.<init>(HiveMetaStoreClient.java:126)
	at sun.reflect.NativeConstructorAccessorImpl.newInstance0(Native Method)
	at sun.reflect.NativeConstructorAccessorImpl.newInstance(NativeConstructorAccessorImpl.java:57)
	at sun.reflect.DelegatingConstructorAccessorImpl.newInstance(DelegatingConstructorAccessorImpl.java:45)
	at java.lang.reflect.Constructor.newInstance(Constructor.java:526)
	at org.apache.hadoop.hive.metastore.MetaStoreUtils.newInstance(MetaStoreUtils.java:1161)
	at org.apache.hadoop.hive.metastore.RetryingMetaStoreClient.<init>(RetryingMetaStoreClient.java:62)
	at org.apache.hadoop.hive.metastore.RetryingMetaStoreClient.getProxy(RetryingMetaStoreClient.java:72)
	at org.apache.hadoop.hive.ql.metadata.Hive.createMetaStoreClient(Hive.java:2394)
	at org.apache.hadoop.hive.ql.metadata.Hive.getMSC(Hive.java:2405)
	at org.apache.hadoop.hive.ql.metadata.Hive.createTable(Hive.java:599)
	at org.apache.hadoop.hive.ql.exec.DDLTask.createTable(DDLTask.java:3653)
	at org.apache.hadoop.hive.ql.exec.DDLTask.execute(DDLTask.java:252)
	at org.apache.hadoop.hive.ql.exec.Task.executeTask(Task.java:151)
	at org.apache.hadoop.hive.ql.exec.TaskRunner.runSequential(TaskRunner.java:65)
	at org.apache.hadoop.hive.ql.Driver.launchTask(Driver.java:1485)
	at org.apache.hadoop.hive.ql.Driver.execute(Driver.java:1263)
	at org.apache.hadoop.hive.ql.Driver.runInternal(Driver.java:1091)
	at org.apache.hadoop.hive.ql.Driver.run(Driver.java:931)
	at org.apache.hadoop.hive.ql.Driver.run(Driver.java:921)
	at org.apache.hadoop.hive.cli.CliDriver.processLocalCmd(CliDriver.java:268)
	at org.apache.hadoop.hive.cli.CliDriver.processCmd(CliDriver.java:220)
	at org.apache.hadoop.hive.cli.CliDriver.processLine(CliDriver.java:422)
	at org.apache.hadoop.hive.cli.CliDriver.processLine(CliDriver.java:357)
	at org.apache.hadoop.hive.cli.CliDriver.processReader(CliDriver.java:455)
	at org.apache.hadoop.hive.cli.CliDriver.processFile(CliDriver.java:465)
	at org.apache.hadoop.hive.cli.CliDriver.executeDriver(CliDriver.java:746)
	at org.apache.hadoop.hive.cli.CliDriver.run(CliDriver.java:684)
	at org.apache.hadoop.hive.cli.CliDriver.main(CliDriver.java:623)
	at sun.reflect.NativeMethodAccessorImpl.invoke0(Native Method)
	at sun.reflect.NativeMethodAccessorImpl.invoke(NativeMethodAccessorImpl.java:57)
	at sun.reflect.DelegatingMethodAccessorImpl.invoke(DelegatingMethodAccessorImpl.java:43)
	at java.lang.reflect.Method.invoke(Method.java:606)
	at org.apache.hadoop.util.RunJar.main(RunJar.java:212)
Cleanup action completed
2014-09-13 23:39:21.820 GMT Thread[main,5,main] Cleanup action starting
java.sql.SQLException: Failed to create database '/var/lib/hive/metastore/metastore_db', see the next exception for details.
	at org.apache.derby.impl.jdbc.SQLExceptionFactory40.getSQLException(Unknown Source)
	at org.apache.derby.impl.jdbc.Util.newEmbedSQLException(Unknown Source)
	at org.apache.derby.impl.jdbc.Util.seeNextException(Unknown Source)
	at org.apache.derby.impl.jdbc.EmbedConnection.createDatabase(Unknown Source)
	at org.apache.derby.impl.jdbc.EmbedConnection.<init>(Unknown Source)
	at org.apache.derby.impl.jdbc.EmbedConnection30.<init>(Unknown Source)
	at org.apache.derby.impl.jdbc.EmbedConnection40.<init>(Unknown Source)
	at org.apache.derby.jdbc.Driver40.getNewEmbedConnection(Unknown Source)
	at org.apache.derby.jdbc.InternalDriver.connect(Unknown Source)
	at org.apache.derby.jdbc.AutoloadedDriver.connect(Unknown Source)
	at java.sql.DriverManager.getConnection(DriverManager.java:571)
	at java.sql.DriverManager.getConnection(DriverManager.java:187)
	at com.jolbox.bonecp.BoneCP.obtainRawInternalConnection(BoneCP.java:254)
	at com.jolbox.bonecp.BoneCP.<init>(BoneCP.java:305)
	at com.jolbox.bonecp.BoneCPDataSource.maybeInit(BoneCPDataSource.java:150)
	at com.jolbox.bonecp.BoneCPDataSource.getConnection(BoneCPDataSource.java:112)
	at org.datanucleus.store.rdbms.ConnectionFactoryImpl$ManagedConnectionImpl.getConnection(ConnectionFactoryImpl.java:479)
	at org.datanucleus.store.rdbms.RDBMSStoreManager.<init>(RDBMSStoreManager.java:304)
	at sun.reflect.NativeConstructorAccessorImpl.newInstance0(Native Method)
	at sun.reflect.NativeConstructorAccessorImpl.newInstance(NativeConstructorAccessorImpl.java:57)
	at sun.reflect.DelegatingConstructorAccessorImpl.newInstance(DelegatingConstructorAccessorImpl.java:45)
	at java.lang.reflect.Constructor.newInstance(Constructor.java:526)
	at org.datanucleus.plugin.NonManagedPluginRegistry.createExecutableExtension(NonManagedPluginRegistry.java:631)
	at org.datanucleus.plugin.PluginManager.createExecutableExtension(PluginManager.java:301)
	at org.datanucleus.NucleusContext.createStoreManagerForProperties(NucleusContext.java:1069)
	at org.datanucleus.NucleusContext.initialise(NucleusContext.java:359)
	at org.datanucleus.api.jdo.JDOPersistenceManagerFactory.freezeConfiguration(JDOPersistenceManagerFactory.java:768)
	at org.datanucleus.api.jdo.JDOPersistenceManagerFactory.createPersistenceManagerFactory(JDOPersistenceManagerFactory.java:326)
	at org.datanucleus.api.jdo.JDOPersistenceManagerFactory.getPersistenceManagerFactory(JDOPersistenceManagerFactory.java:195)
	at sun.reflect.NativeMethodAccessorImpl.invoke0(Native Method)
	at sun.reflect.NativeMethodAccessorImpl.invoke(NativeMethodAccessorImpl.java:57)
	at sun.reflect.DelegatingMethodAccessorImpl.invoke(DelegatingMethodAccessorImpl.java:43)
	at java.lang.reflect.Method.invoke(Method.java:606)
	at javax.jdo.JDOHelper$16.run(JDOHelper.java:1965)
	at java.security.AccessController.doPrivileged(Native Method)
	at javax.jdo.JDOHelper.invoke(JDOHelper.java:1960)
	at javax.jdo.JDOHelper.invokeGetPersistenceManagerFactoryOnImplementation(JDOHelper.java:1166)
	at javax.jdo.JDOHelper.getPersistenceManagerFactory(JDOHelper.java:808)
	at javax.jdo.JDOHelper.getPersistenceManagerFactory(JDOHelper.java:701)
	at org.apache.hadoop.hive.metastore.ObjectStore.getPMF(ObjectStore.java:300)
	at org.apache.hadoop.hive.metastore.ObjectStore.getPersistenceManager(ObjectStore.java:329)
	at org.apache.hadoop.hive.metastore.ObjectStore.initialize(ObjectStore.java:238)
	at org.apache.hadoop.hive.metastore.ObjectStore.setConf(ObjectStore.java:213)
	at org.apache.hadoop.util.ReflectionUtils.setConf(ReflectionUtils.java:73)
	at org.apache.hadoop.util.ReflectionUtils.newInstance(ReflectionUtils.java:133)
	at org.apache.hadoop.hive.metastore.RawStoreProxy.<init>(RawStoreProxy.java:58)
	at org.apache.hadoop.hive.metastore.RawStoreProxy.getProxy(RawStoreProxy.java:67)
	at org.apache.hadoop.hive.metastore.HiveMetaStore$HMSHandler.newRawStore(HiveMetaStore.java:420)
	at org.apache.hadoop.hive.metastore.HiveMetaStore$HMSHandler.getMS(HiveMetaStore.java:407)
	at org.apache.hadoop.hive.metastore.HiveMetaStore$HMSHandler.createDefaultDB(HiveMetaStore.java:446)
	at org.apache.hadoop.hive.metastore.HiveMetaStore$HMSHandler.init(HiveMetaStore.java:333)
	at org.apache.hadoop.hive.metastore.HiveMetaStore$HMSHandler.<init>(HiveMetaStore.java:293)
	at org.apache.hadoop.hive.metastore.RetryingHMSHandler.<init>(RetryingHMSHandler.java:54)
	at org.apache.hadoop.hive.metastore.RetryingHMSHandler.getProxy(RetryingHMSHandler.java:59)
	at org.apache.hadoop.hive.metastore.HiveMetaStore.newHMSHandler(HiveMetaStore.java:4085)
	at org.apache.hadoop.hive.metastore.HiveMetaStoreClient.<init>(HiveMetaStoreClient.java:126)
	at sun.reflect.NativeConstructorAccessorImpl.newInstance0(Native Method)
	at sun.reflect.NativeConstructorAccessorImpl.newInstance(NativeConstructorAccessorImpl.java:57)
	at sun.reflect.DelegatingConstructorAccessorImpl.newInstance(DelegatingConstructorAccessorImpl.java:45)
	at java.lang.reflect.Constructor.newInstance(Constructor.java:526)
	at org.apache.hadoop.hive.metastore.MetaStoreUtils.newInstance(MetaStoreUtils.java:1161)
	at org.apache.hadoop.hive.metastore.RetryingMetaStoreClient.<init>(RetryingMetaStoreClient.java:62)
	at org.apache.hadoop.hive.metastore.RetryingMetaStoreClient.getProxy(RetryingMetaStoreClient.java:72)
	at org.apache.hadoop.hive.ql.metadata.Hive.createMetaStoreClient(Hive.java:2394)
	at org.apache.hadoop.hive.ql.metadata.Hive.getMSC(Hive.java:2405)
	at org.apache.hadoop.hive.ql.metadata.Hive.createTable(Hive.java:599)
	at org.apache.hadoop.hive.ql.exec.DDLTask.createTable(DDLTask.java:3653)
	at org.apache.hadoop.hive.ql.exec.DDLTask.execute(DDLTask.java:252)
	at org.apache.hadoop.hive.ql.exec.Task.executeTask(Task.java:151)
	at org.apache.hadoop.hive.ql.exec.TaskRunner.runSequential(TaskRunner.java:65)
	at org.apache.hadoop.hive.ql.Driver.launchTask(Driver.java:1485)
	at org.apache.hadoop.hive.ql.Driver.execute(Driver.java:1263)
	at org.apache.hadoop.hive.ql.Driver.runInternal(Driver.java:1091)
	at org.apache.hadoop.hive.ql.Driver.run(Driver.java:931)
	at org.apache.hadoop.hive.ql.Driver.run(Driver.java:921)
	at org.apache.hadoop.hive.cli.CliDriver.processLocalCmd(CliDriver.java:268)
	at org.apache.hadoop.hive.cli.CliDriver.processCmd(CliDriver.java:220)
	at org.apache.hadoop.hive.cli.CliDriver.processLine(CliDriver.java:422)
	at org.apache.hadoop.hive.cli.CliDriver.processLine(CliDriver.java:357)
	at org.apache.hadoop.hive.cli.CliDriver.processReader(CliDriver.java:455)
	at org.apache.hadoop.hive.cli.CliDriver.processFile(CliDriver.java:465)
	at org.apache.hadoop.hive.cli.CliDriver.executeDriver(CliDriver.java:746)
	at org.apache.hadoop.hive.cli.CliDriver.run(CliDriver.java:684)
	at org.apache.hadoop.hive.cli.CliDriver.main(CliDriver.java:623)
	at sun.reflect.NativeMethodAccessorImpl.invoke0(Native Method)
	at sun.reflect.NativeMethodAccessorImpl.invoke(NativeMethodAccessorImpl.java:57)
	at sun.reflect.DelegatingMethodAccessorImpl.invoke(DelegatingMethodAccessorImpl.java:43)
	at java.lang.reflect.Method.invoke(Method.java:606)
	at org.apache.hadoop.util.RunJar.main(RunJar.java:212)
Caused by: java.sql.SQLException: Failed to create database '/var/lib/hive/metastore/metastore_db', see the next exception for details.
	at org.apache.derby.impl.jdbc.SQLExceptionFactory.getSQLException(Unknown Source)
	at org.apache.derby.impl.jdbc.SQLExceptionFactory40.wrapArgsForTransportAcrossDRDA(Unknown Source)
	... 89 more
Caused by: java.sql.SQLException: Directory /var/lib/hive/metastore/metastore_db cannot be created.
	at org.apache.derby.impl.jdbc.SQLExceptionFactory.getSQLException(Unknown Source)
	at org.apache.derby.impl.jdbc.SQLExceptionFactory40.wrapArgsForTransportAcrossDRDA(Unknown Source)
	at org.apache.derby.impl.jdbc.SQLExceptionFactory40.getSQLException(Unknown Source)
	at org.apache.derby.impl.jdbc.Util.generateCsSQLException(Unknown Source)
	at org.apache.derby.impl.jdbc.TransactionResourceImpl.wrapInSQLException(Unknown Source)
	at org.apache.derby.impl.jdbc.TransactionResourceImpl.handleException(Unknown Source)
	at org.apache.derby.impl.jdbc.EmbedConnection.handleException(Unknown Source)
	... 86 more
Caused by: ERROR XBM0H: Directory /var/lib/hive/metastore/metastore_db cannot be created.
	at org.apache.derby.iapi.error.StandardException.newException(Unknown Source)
	at org.apache.derby.impl.services.monitor.StorageFactoryService$9.run(Unknown Source)
	at java.security.AccessController.doPrivileged(Native Method)
	at org.apache.derby.impl.services.monitor.StorageFactoryService.createServiceRoot(Unknown Source)
	at org.apache.derby.impl.services.monitor.BaseMonitor.bootService(Unknown Source)
	at org.apache.derby.impl.services.monitor.BaseMonitor.createPersistentService(Unknown Source)
	at org.apache.derby.iapi.services.monitor.Monitor.createPersistentService(Unknown Source)
	... 86 more
============= begin nested exception, level (1) ===========
java.sql.SQLException: Directory /var/lib/hive/metastore/metastore_db cannot be created.
	at org.apache.derby.impl.jdbc.SQLExceptionFactory40.getSQLException(Unknown Source)
	at org.apache.derby.impl.jdbc.Util.generateCsSQLException(Unknown Source)
	at org.apache.derby.impl.jdbc.TransactionResourceImpl.wrapInSQLException(Unknown Source)
	at org.apache.derby.impl.jdbc.TransactionResourceImpl.handleException(Unknown Source)
	at org.apache.derby.impl.jdbc.EmbedConnection.handleException(Unknown Source)
	at org.apache.derby.impl.jdbc.EmbedConnection.createDatabase(Unknown Source)
	at org.apache.derby.impl.jdbc.EmbedConnection.<init>(Unknown Source)
	at org.apache.derby.impl.jdbc.EmbedConnection30.<init>(Unknown Source)
	at org.apache.derby.impl.jdbc.EmbedConnection40.<init>(Unknown Source)
	at org.apache.derby.jdbc.Driver40.getNewEmbedConnection(Unknown Source)
	at org.apache.derby.jdbc.InternalDriver.connect(Unknown Source)
	at org.apache.derby.jdbc.AutoloadedDriver.connect(Unknown Source)
	at java.sql.DriverManager.getConnection(DriverManager.java:571)
	at java.sql.DriverManager.getConnection(DriverManager.java:187)
	at com.jolbox.bonecp.BoneCP.obtainRawInternalConnection(BoneCP.java:254)
	at com.jolbox.bonecp.BoneCP.<init>(BoneCP.java:305)
	at com.jolbox.bonecp.BoneCPDataSource.maybeInit(BoneCPDataSource.java:150)
	at com.jolbox.bonecp.BoneCPDataSource.getConnection(BoneCPDataSource.java:112)
	at org.datanucleus.store.rdbms.ConnectionFactoryImpl$ManagedConnectionImpl.getConnection(ConnectionFactoryImpl.java:479)
	at org.datanucleus.store.rdbms.RDBMSStoreManager.<init>(RDBMSStoreManager.java:304)
	at sun.reflect.NativeConstructorAccessorImpl.newInstance0(Native Method)
	at sun.reflect.NativeConstructorAccessorImpl.newInstance(NativeConstructorAccessorImpl.java:57)
	at sun.reflect.DelegatingConstructorAccessorImpl.newInstance(DelegatingConstructorAccessorImpl.java:45)
	at java.lang.reflect.Constructor.newInstance(Constructor.java:526)
	at org.datanucleus.plugin.NonManagedPluginRegistry.createExecutableExtension(NonManagedPluginRegistry.java:631)
	at org.datanucleus.plugin.PluginManager.createExecutableExtension(PluginManager.java:301)
	at org.datanucleus.NucleusContext.createStoreManagerForProperties(NucleusContext.java:1069)
	at org.datanucleus.NucleusContext.initialise(NucleusContext.java:359)
	at org.datanucleus.api.jdo.JDOPersistenceManagerFactory.freezeConfiguration(JDOPersistenceManagerFactory.java:768)
	at org.datanucleus.api.jdo.JDOPersistenceManagerFactory.createPersistenceManagerFactory(JDOPersistenceManagerFactory.java:326)
	at org.datanucleus.api.jdo.JDOPersistenceManagerFactory.getPersistenceManagerFactory(JDOPersistenceManagerFactory.java:195)
	at sun.reflect.NativeMethodAccessorImpl.invoke0(Native Method)
	at sun.reflect.NativeMethodAccessorImpl.invoke(NativeMethodAccessorImpl.java:57)
	at sun.reflect.DelegatingMethodAccessorImpl.invoke(DelegatingMethodAccessorImpl.java:43)
	at java.lang.reflect.Method.invoke(Method.java:606)
	at javax.jdo.JDOHelper$16.run(JDOHelper.java:1965)
	at java.security.AccessController.doPrivileged(Native Method)
	at javax.jdo.JDOHelper.invoke(JDOHelper.java:1960)
	at javax.jdo.JDOHelper.invokeGetPersistenceManagerFactoryOnImplementation(JDOHelper.java:1166)
	at javax.jdo.JDOHelper.getPersistenceManagerFactory(JDOHelper.java:808)
	at javax.jdo.JDOHelper.getPersistenceManagerFactory(JDOHelper.java:701)
	at org.apache.hadoop.hive.metastore.ObjectStore.getPMF(ObjectStore.java:300)
	at org.apache.hadoop.hive.metastore.ObjectStore.getPersistenceManager(ObjectStore.java:329)
	at org.apache.hadoop.hive.metastore.ObjectStore.initialize(ObjectStore.java:238)
	at org.apache.hadoop.hive.metastore.ObjectStore.setConf(ObjectStore.java:213)
	at org.apache.hadoop.util.ReflectionUtils.setConf(ReflectionUtils.java:73)
	at org.apache.hadoop.util.ReflectionUtils.newInstance(ReflectionUtils.java:133)
	at org.apache.hadoop.hive.metastore.RawStoreProxy.<init>(RawStoreProxy.java:58)
	at org.apache.hadoop.hive.metastore.RawStoreProxy.getProxy(RawStoreProxy.java:67)
	at org.apache.hadoop.hive.metastore.HiveMetaStore$HMSHandler.newRawStore(HiveMetaStore.java:420)
	at org.apache.hadoop.hive.metastore.HiveMetaStore$HMSHandler.getMS(HiveMetaStore.java:407)
	at org.apache.hadoop.hive.metastore.HiveMetaStore$HMSHandler.createDefaultDB(HiveMetaStore.java:446)
	at org.apache.hadoop.hive.metastore.HiveMetaStore$HMSHandler.init(HiveMetaStore.java:333)
	at org.apache.hadoop.hive.metastore.HiveMetaStore$HMSHandler.<init>(HiveMetaStore.java:293)
	at org.apache.hadoop.hive.metastore.RetryingHMSHandler.<init>(RetryingHMSHandler.java:54)
	at org.apache.hadoop.hive.metastore.RetryingHMSHandler.getProxy(RetryingHMSHandler.java:59)
	at org.apache.hadoop.hive.metastore.HiveMetaStore.newHMSHandler(HiveMetaStore.java:4085)
	at org.apache.hadoop.hive.metastore.HiveMetaStoreClient.<init>(HiveMetaStoreClient.java:126)
	at sun.reflect.NativeConstructorAccessorImpl.newInstance0(Native Method)
	at sun.reflect.NativeConstructorAccessorImpl.newInstance(NativeConstructorAccessorImpl.java:57)
	at sun.reflect.DelegatingConstructorAccessorImpl.newInstance(DelegatingConstructorAccessorImpl.java:45)
	at java.lang.reflect.Constructor.newInstance(Constructor.java:526)
	at org.apache.hadoop.hive.metastore.MetaStoreUtils.newInstance(MetaStoreUtils.java:1161)
	at org.apache.hadoop.hive.metastore.RetryingMetaStoreClient.<init>(RetryingMetaStoreClient.java:62)
	at org.apache.hadoop.hive.metastore.RetryingMetaStoreClient.getProxy(RetryingMetaStoreClient.java:72)
	at org.apache.hadoop.hive.ql.metadata.Hive.createMetaStoreClient(Hive.java:2394)
	at org.apache.hadoop.hive.ql.metadata.Hive.getMSC(Hive.java:2405)
	at org.apache.hadoop.hive.ql.metadata.Hive.createTable(Hive.java:599)
	at org.apache.hadoop.hive.ql.exec.DDLTask.createTable(DDLTask.java:3653)
	at org.apache.hadoop.hive.ql.exec.DDLTask.execute(DDLTask.java:252)
	at org.apache.hadoop.hive.ql.exec.Task.executeTask(Task.java:151)
	at org.apache.hadoop.hive.ql.exec.TaskRunner.runSequential(TaskRunner.java:65)
	at org.apache.hadoop.hive.ql.Driver.launchTask(Driver.java:1485)
	at org.apache.hadoop.hive.ql.Driver.execute(Driver.java:1263)
	at org.apache.hadoop.hive.ql.Driver.runInternal(Driver.java:1091)
	at org.apache.hadoop.hive.ql.Driver.run(Driver.java:931)
	at org.apache.hadoop.hive.ql.Driver.run(Driver.java:921)
	at org.apache.hadoop.hive.cli.CliDriver.processLocalCmd(CliDriver.java:268)
	at org.apache.hadoop.hive.cli.CliDriver.processCmd(CliDriver.java:220)
	at org.apache.hadoop.hive.cli.CliDriver.processLine(CliDriver.java:422)
	at org.apache.hadoop.hive.cli.CliDriver.processLine(CliDriver.java:357)
	at org.apache.hadoop.hive.cli.CliDriver.processReader(CliDriver.java:455)
	at org.apache.hadoop.hive.cli.CliDriver.processFile(CliDriver.java:465)
	at org.apache.hadoop.hive.cli.CliDriver.executeDriver(CliDriver.java:746)
	at org.apache.hadoop.hive.cli.CliDriver.run(CliDriver.java:684)
	at org.apache.hadoop.hive.cli.CliDriver.main(CliDriver.java:623)
	at sun.reflect.NativeMethodAccessorImpl.invoke0(Native Method)
	at sun.reflect.NativeMethodAccessorImpl.invoke(NativeMethodAccessorImpl.java:57)
	at sun.reflect.DelegatingMethodAccessorImpl.invoke(DelegatingMethodAccessorImpl.java:43)
	at java.lang.reflect.Method.invoke(Method.java:606)
	at org.apache.hadoop.util.RunJar.main(RunJar.java:212)
Caused by: java.sql.SQLException: Directory /var/lib/hive/metastore/metastore_db cannot be created.
	at org.apache.derby.impl.jdbc.SQLExceptionFactory.getSQLException(Unknown Source)
	at org.apache.derby.impl.jdbc.SQLExceptionFactory40.wrapArgsForTransportAcrossDRDA(Unknown Source)
	... 91 more
Caused by: ERROR XBM0H: Directory /var/lib/hive/metastore/metastore_db cannot be created.
	at org.apache.derby.iapi.error.StandardException.newException(Unknown Source)
	at org.apache.derby.impl.services.monitor.StorageFactoryService$9.run(Unknown Source)
	at java.security.AccessController.doPrivileged(Native Method)
	at org.apache.derby.impl.services.monitor.StorageFactoryService.createServiceRoot(Unknown Source)
	at org.apache.derby.impl.services.monitor.BaseMonitor.bootService(Unknown Source)
	at org.apache.derby.impl.services.monitor.BaseMonitor.createPersistentService(Unknown Source)
	at org.apache.derby.iapi.services.monitor.Monitor.createPersistentService(Unknown Source)
	... 86 more
============= end nested exception, level (1) ===========
============= begin nested exception, level (2) ===========
java.sql.SQLException: Directory /var/lib/hive/metastore/metastore_db cannot be created.
	at org.apache.derby.impl.jdbc.SQLExceptionFactory.getSQLException(Unknown Source)
	at org.apache.derby.impl.jdbc.SQLExceptionFactory40.wrapArgsForTransportAcrossDRDA(Unknown Source)
	at org.apache.derby.impl.jdbc.SQLExceptionFactory40.getSQLException(Unknown Source)
	at org.apache.derby.impl.jdbc.Util.generateCsSQLException(Unknown Source)
	at org.apache.derby.impl.jdbc.TransactionResourceImpl.wrapInSQLException(Unknown Source)
	at org.apache.derby.impl.jdbc.TransactionResourceImpl.handleException(Unknown Source)
	at org.apache.derby.impl.jdbc.EmbedConnection.handleException(Unknown Source)
	at org.apache.derby.impl.jdbc.EmbedConnection.createDatabase(Unknown Source)
	at org.apache.derby.impl.jdbc.EmbedConnection.<init>(Unknown Source)
	at org.apache.derby.impl.jdbc.EmbedConnection30.<init>(Unknown Source)
	at org.apache.derby.impl.jdbc.EmbedConnection40.<init>(Unknown Source)
	at org.apache.derby.jdbc.Driver40.getNewEmbedConnection(Unknown Source)
	at org.apache.derby.jdbc.InternalDriver.connect(Unknown Source)
	at org.apache.derby.jdbc.AutoloadedDriver.connect(Unknown Source)
	at java.sql.DriverManager.getConnection(DriverManager.java:571)
	at java.sql.DriverManager.getConnection(DriverManager.java:187)
	at com.jolbox.bonecp.BoneCP.obtainRawInternalConnection(BoneCP.java:254)
	at com.jolbox.bonecp.BoneCP.<init>(BoneCP.java:305)
	at com.jolbox.bonecp.BoneCPDataSource.maybeInit(BoneCPDataSource.java:150)
	at com.jolbox.bonecp.BoneCPDataSource.getConnection(BoneCPDataSource.java:112)
	at org.datanucleus.store.rdbms.ConnectionFactoryImpl$ManagedConnectionImpl.getConnection(ConnectionFactoryImpl.java:479)
	at org.datanucleus.store.rdbms.RDBMSStoreManager.<init>(RDBMSStoreManager.java:304)
	at sun.reflect.NativeConstructorAccessorImpl.newInstance0(Native Method)
	at sun.reflect.NativeConstructorAccessorImpl.newInstance(NativeConstructorAccessorImpl.java:57)
	at sun.reflect.DelegatingConstructorAccessorImpl.newInstance(DelegatingConstructorAccessorImpl.java:45)
	at java.lang.reflect.Constructor.newInstance(Constructor.java:526)
	at org.datanucleus.plugin.NonManagedPluginRegistry.createExecutableExtension(NonManagedPluginRegistry.java:631)
	at org.datanucleus.plugin.PluginManager.createExecutableExtension(PluginManager.java:301)
	at org.datanucleus.NucleusContext.createStoreManagerForProperties(NucleusContext.java:1069)
	at org.datanucleus.NucleusContext.initialise(NucleusContext.java:359)
	at org.datanucleus.api.jdo.JDOPersistenceManagerFactory.freezeConfiguration(JDOPersistenceManagerFactory.java:768)
	at org.datanucleus.api.jdo.JDOPersistenceManagerFactory.createPersistenceManagerFactory(JDOPersistenceManagerFactory.java:326)
	at org.datanucleus.api.jdo.JDOPersistenceManagerFactory.getPersistenceManagerFactory(JDOPersistenceManagerFactory.java:195)
	at sun.reflect.NativeMethodAccessorImpl.invoke0(Native Method)
	at sun.reflect.NativeMethodAccessorImpl.invoke(NativeMethodAccessorImpl.java:57)
	at sun.reflect.DelegatingMethodAccessorImpl.invoke(DelegatingMethodAccessorImpl.java:43)
	at java.lang.reflect.Method.invoke(Method.java:606)
	at javax.jdo.JDOHelper$16.run(JDOHelper.java:1965)
	at java.security.AccessController.doPrivileged(Native Method)
	at javax.jdo.JDOHelper.invoke(JDOHelper.java:1960)
	at javax.jdo.JDOHelper.invokeGetPersistenceManagerFactoryOnImplementation(JDOHelper.java:1166)
	at javax.jdo.JDOHelper.getPersistenceManagerFactory(JDOHelper.java:808)
	at javax.jdo.JDOHelper.getPersistenceManagerFactory(JDOHelper.java:701)
	at org.apache.hadoop.hive.metastore.ObjectStore.getPMF(ObjectStore.java:300)
	at org.apache.hadoop.hive.metastore.ObjectStore.getPersistenceManager(ObjectStore.java:329)
	at org.apache.hadoop.hive.metastore.ObjectStore.initialize(ObjectStore.java:238)
	at org.apache.hadoop.hive.metastore.ObjectStore.setConf(ObjectStore.java:213)
	at org.apache.hadoop.util.ReflectionUtils.setConf(ReflectionUtils.java:73)
	at org.apache.hadoop.util.ReflectionUtils.newInstance(ReflectionUtils.java:133)
	at org.apache.hadoop.hive.metastore.RawStoreProxy.<init>(RawStoreProxy.java:58)
	at org.apache.hadoop.hive.metastore.RawStoreProxy.getProxy(RawStoreProxy.java:67)
	at org.apache.hadoop.hive.metastore.HiveMetaStore$HMSHandler.newRawStore(HiveMetaStore.java:420)
	at org.apache.hadoop.hive.metastore.HiveMetaStore$HMSHandler.getMS(HiveMetaStore.java:407)
	at org.apache.hadoop.hive.metastore.HiveMetaStore$HMSHandler.createDefaultDB(HiveMetaStore.java:446)
	at org.apache.hadoop.hive.metastore.HiveMetaStore$HMSHandler.init(HiveMetaStore.java:333)
	at org.apache.hadoop.hive.metastore.HiveMetaStore$HMSHandler.<init>(HiveMetaStore.java:293)
	at org.apache.hadoop.hive.metastore.RetryingHMSHandler.<init>(RetryingHMSHandler.java:54)
	at org.apache.hadoop.hive.metastore.RetryingHMSHandler.getProxy(RetryingHMSHandler.java:59)
	at org.apache.hadoop.hive.metastore.HiveMetaStore.newHMSHandler(HiveMetaStore.java:4085)
	at org.apache.hadoop.hive.metastore.HiveMetaStoreClient.<init>(HiveMetaStoreClient.java:126)
	at sun.reflect.NativeConstructorAccessorImpl.newInstance0(Native Method)
	at sun.reflect.NativeConstructorAccessorImpl.newInstance(NativeConstructorAccessorImpl.java:57)
	at sun.reflect.DelegatingConstructorAccessorImpl.newInstance(DelegatingConstructorAccessorImpl.java:45)
	at java.lang.reflect.Constructor.newInstance(Constructor.java:526)
	at org.apache.hadoop.hive.metastore.MetaStoreUtils.newInstance(MetaStoreUtils.java:1161)
	at org.apache.hadoop.hive.metastore.RetryingMetaStoreClient.<init>(RetryingMetaStoreClient.java:62)
	at org.apache.hadoop.hive.metastore.RetryingMetaStoreClient.getProxy(RetryingMetaStoreClient.java:72)
	at org.apache.hadoop.hive.ql.metadata.Hive.createMetaStoreClient(Hive.java:2394)
	at org.apache.hadoop.hive.ql.metadata.Hive.getMSC(Hive.java:2405)
	at org.apache.hadoop.hive.ql.metadata.Hive.createTable(Hive.java:599)
	at org.apache.hadoop.hive.ql.exec.DDLTask.createTable(DDLTask.java:3653)
	at org.apache.hadoop.hive.ql.exec.DDLTask.execute(DDLTask.java:252)
	at org.apache.hadoop.hive.ql.exec.Task.executeTask(Task.java:151)
	at org.apache.hadoop.hive.ql.exec.TaskRunner.runSequential(TaskRunner.java:65)
	at org.apache.hadoop.hive.ql.Driver.launchTask(Driver.java:1485)
	at org.apache.hadoop.hive.ql.Driver.execute(Driver.java:1263)
	at org.apache.hadoop.hive.ql.Driver.runInternal(Driver.java:1091)
	at org.apache.hadoop.hive.ql.Driver.run(Driver.java:931)
	at org.apache.hadoop.hive.ql.Driver.run(Driver.java:921)
	at org.apache.hadoop.hive.cli.CliDriver.processLocalCmd(CliDriver.java:268)
	at org.apache.hadoop.hive.cli.CliDriver.processCmd(CliDriver.java:220)
	at org.apache.hadoop.hive.cli.CliDriver.processLine(CliDriver.java:422)
	at org.apache.hadoop.hive.cli.CliDriver.processLine(CliDriver.java:357)
	at org.apache.hadoop.hive.cli.CliDriver.processReader(CliDriver.java:455)
	at org.apache.hadoop.hive.cli.CliDriver.processFile(CliDriver.java:465)
	at org.apache.hadoop.hive.cli.CliDriver.executeDriver(CliDriver.java:746)
	at org.apache.hadoop.hive.cli.CliDriver.run(CliDriver.java:684)
	at org.apache.hadoop.hive.cli.CliDriver.main(CliDriver.java:623)
	at sun.reflect.NativeMethodAccessorImpl.invoke0(Native Method)
	at sun.reflect.NativeMethodAccessorImpl.invoke(NativeMethodAccessorImpl.java:57)
	at sun.reflect.DelegatingMethodAccessorImpl.invoke(DelegatingMethodAccessorImpl.java:43)
	at java.lang.reflect.Method.invoke(Method.java:606)
	at org.apache.hadoop.util.RunJar.main(RunJar.java:212)
Caused by: ERROR XBM0H: Directory /var/lib/hive/metastore/metastore_db cannot be created.
	at org.apache.derby.iapi.error.StandardException.newException(Unknown Source)
	at org.apache.derby.impl.services.monitor.StorageFactoryService$9.run(Unknown Source)
	at java.security.AccessController.doPrivileged(Native Method)
	at org.apache.derby.impl.services.monitor.StorageFactoryService.createServiceRoot(Unknown Source)
	at org.apache.derby.impl.services.monitor.BaseMonitor.bootService(Unknown Source)
	at org.apache.derby.impl.services.monitor.BaseMonitor.createPersistentService(Unknown Source)
	at org.apache.derby.iapi.services.monitor.Monitor.createPersistentService(Unknown Source)
	... 86 more
============= end nested exception, level (2) ===========
============= begin nested exception, level (3) ===========
ERROR XBM0H: Directory /var/lib/hive/metastore/metastore_db cannot be created.
	at org.apache.derby.iapi.error.StandardException.newException(Unknown Source)
	at org.apache.derby.impl.services.monitor.StorageFactoryService$9.run(Unknown Source)
	at java.security.AccessController.doPrivileged(Native Method)
	at org.apache.derby.impl.services.monitor.StorageFactoryService.createServiceRoot(Unknown Source)
	at org.apache.derby.impl.services.monitor.BaseMonitor.bootService(Unknown Source)
	at org.apache.derby.impl.services.monitor.BaseMonitor.createPersistentService(Unknown Source)
	at org.apache.derby.iapi.services.monitor.Monitor.createPersistentService(Unknown Source)
	at org.apache.derby.impl.jdbc.EmbedConnection.createDatabase(Unknown Source)
	at org.apache.derby.impl.jdbc.EmbedConnection.<init>(Unknown Source)
	at org.apache.derby.impl.jdbc.EmbedConnection30.<init>(Unknown Source)
	at org.apache.derby.impl.jdbc.EmbedConnection40.<init>(Unknown Source)
	at org.apache.derby.jdbc.Driver40.getNewEmbedConnection(Unknown Source)
	at org.apache.derby.jdbc.InternalDriver.connect(Unknown Source)
	at org.apache.derby.jdbc.AutoloadedDriver.connect(Unknown Source)
	at java.sql.DriverManager.getConnection(DriverManager.java:571)
	at java.sql.DriverManager.getConnection(DriverManager.java:187)
	at com.jolbox.bonecp.BoneCP.obtainRawInternalConnection(BoneCP.java:254)
	at com.jolbox.bonecp.BoneCP.<init>(BoneCP.java:305)
	at com.jolbox.bonecp.BoneCPDataSource.maybeInit(BoneCPDataSource.java:150)
	at com.jolbox.bonecp.BoneCPDataSource.getConnection(BoneCPDataSource.java:112)
	at org.datanucleus.store.rdbms.ConnectionFactoryImpl$ManagedConnectionImpl.getConnection(ConnectionFactoryImpl.java:479)
	at org.datanucleus.store.rdbms.RDBMSStoreManager.<init>(RDBMSStoreManager.java:304)
	at sun.reflect.NativeConstructorAccessorImpl.newInstance0(Native Method)
	at sun.reflect.NativeConstructorAccessorImpl.newInstance(NativeConstructorAccessorImpl.java:57)
	at sun.reflect.DelegatingConstructorAccessorImpl.newInstance(DelegatingConstructorAccessorImpl.java:45)
	at java.lang.reflect.Constructor.newInstance(Constructor.java:526)
	at org.datanucleus.plugin.NonManagedPluginRegistry.createExecutableExtension(NonManagedPluginRegistry.java:631)
	at org.datanucleus.plugin.PluginManager.createExecutableExtension(PluginManager.java:301)
	at org.datanucleus.NucleusContext.createStoreManagerForProperties(NucleusContext.java:1069)
	at org.datanucleus.NucleusContext.initialise(NucleusContext.java:359)
	at org.datanucleus.api.jdo.JDOPersistenceManagerFactory.freezeConfiguration(JDOPersistenceManagerFactory.java:768)
	at org.datanucleus.api.jdo.JDOPersistenceManagerFactory.createPersistenceManagerFactory(JDOPersistenceManagerFactory.java:326)
	at org.datanucleus.api.jdo.JDOPersistenceManagerFactory.getPersistenceManagerFactory(JDOPersistenceManagerFactory.java:195)
	at sun.reflect.NativeMethodAccessorImpl.invoke0(Native Method)
	at sun.reflect.NativeMethodAccessorImpl.invoke(NativeMethodAccessorImpl.java:57)
	at sun.reflect.DelegatingMethodAccessorImpl.invoke(DelegatingMethodAccessorImpl.java:43)
	at java.lang.reflect.Method.invoke(Method.java:606)
	at javax.jdo.JDOHelper$16.run(JDOHelper.java:1965)
	at java.security.AccessController.doPrivileged(Native Method)
	at javax.jdo.JDOHelper.invoke(JDOHelper.java:1960)
	at javax.jdo.JDOHelper.invokeGetPersistenceManagerFactoryOnImplementation(JDOHelper.java:1166)
	at javax.jdo.JDOHelper.getPersistenceManagerFactory(JDOHelper.java:808)
	at javax.jdo.JDOHelper.getPersistenceManagerFactory(JDOHelper.java:701)
	at org.apache.hadoop.hive.metastore.ObjectStore.getPMF(ObjectStore.java:300)
	at org.apache.hadoop.hive.metastore.ObjectStore.getPersistenceManager(ObjectStore.java:329)
	at org.apache.hadoop.hive.metastore.ObjectStore.initialize(ObjectStore.java:238)
	at org.apache.hadoop.hive.metastore.ObjectStore.setConf(ObjectStore.java:213)
	at org.apache.hadoop.util.ReflectionUtils.setConf(ReflectionUtils.java:73)
	at org.apache.hadoop.util.ReflectionUtils.newInstance(ReflectionUtils.java:133)
	at org.apache.hadoop.hive.metastore.RawStoreProxy.<init>(RawStoreProxy.java:58)
	at org.apache.hadoop.hive.metastore.RawStoreProxy.getProxy(RawStoreProxy.java:67)
	at org.apache.hadoop.hive.metastore.HiveMetaStore$HMSHandler.newRawStore(HiveMetaStore.java:420)
	at org.apache.hadoop.hive.metastore.HiveMetaStore$HMSHandler.getMS(HiveMetaStore.java:407)
	at org.apache.hadoop.hive.metastore.HiveMetaStore$HMSHandler.createDefaultDB(HiveMetaStore.java:446)
	at org.apache.hadoop.hive.metastore.HiveMetaStore$HMSHandler.init(HiveMetaStore.java:333)
	at org.apache.hadoop.hive.metastore.HiveMetaStore$HMSHandler.<init>(HiveMetaStore.java:293)
	at org.apache.hadoop.hive.metastore.RetryingHMSHandler.<init>(RetryingHMSHandler.java:54)
	at org.apache.hadoop.hive.metastore.RetryingHMSHandler.getProxy(RetryingHMSHandler.java:59)
	at org.apache.hadoop.hive.metastore.HiveMetaStore.newHMSHandler(HiveMetaStore.java:4085)
	at org.apache.hadoop.hive.metastore.HiveMetaStoreClient.<init>(HiveMetaStoreClient.java:126)
	at sun.reflect.NativeConstructorAccessorImpl.newInstance0(Native Method)
	at sun.reflect.NativeConstructorAccessorImpl.newInstance(NativeConstructorAccessorImpl.java:57)
	at sun.reflect.DelegatingConstructorAccessorImpl.newInstance(DelegatingConstructorAccessorImpl.java:45)
	at java.lang.reflect.Constructor.newInstance(Constructor.java:526)
	at org.apache.hadoop.hive.metastore.MetaStoreUtils.newInstance(MetaStoreUtils.java:1161)
	at org.apache.hadoop.hive.metastore.RetryingMetaStoreClient.<init>(RetryingMetaStoreClient.java:62)
	at org.apache.hadoop.hive.metastore.RetryingMetaStoreClient.getProxy(RetryingMetaStoreClient.java:72)
	at org.apache.hadoop.hive.ql.metadata.Hive.createMetaStoreClient(Hive.java:2394)
	at org.apache.hadoop.hive.ql.metadata.Hive.getMSC(Hive.java:2405)
	at org.apache.hadoop.hive.ql.metadata.Hive.createTable(Hive.java:599)
	at org.apache.hadoop.hive.ql.exec.DDLTask.createTable(DDLTask.java:3653)
	at org.apache.hadoop.hive.ql.exec.DDLTask.execute(DDLTask.java:252)
	at org.apache.hadoop.hive.ql.exec.Task.executeTask(Task.java:151)
	at org.apache.hadoop.hive.ql.exec.TaskRunner.runSequential(TaskRunner.java:65)
	at org.apache.hadoop.hive.ql.Driver.launchTask(Driver.java:1485)
	at org.apache.hadoop.hive.ql.Driver.execute(Driver.java:1263)
	at org.apache.hadoop.hive.ql.Driver.runInternal(Driver.java:1091)
	at org.apache.hadoop.hive.ql.Driver.run(Driver.java:931)
	at org.apache.hadoop.hive.ql.Driver.run(Driver.java:921)
	at org.apache.hadoop.hive.cli.CliDriver.processLocalCmd(CliDriver.java:268)
	at org.apache.hadoop.hive.cli.CliDriver.processCmd(CliDriver.java:220)
	at org.apache.hadoop.hive.cli.CliDriver.processLine(CliDriver.java:422)
	at org.apache.hadoop.hive.cli.CliDriver.processLine(CliDriver.java:357)
	at org.apache.hadoop.hive.cli.CliDriver.processReader(CliDriver.java:455)
	at org.apache.hadoop.hive.cli.CliDriver.processFile(CliDriver.java:465)
	at org.apache.hadoop.hive.cli.CliDriver.executeDriver(CliDriver.java:746)
	at org.apache.hadoop.hive.cli.CliDriver.run(CliDriver.java:684)
	at org.apache.hadoop.hive.cli.CliDriver.main(CliDriver.java:623)
	at sun.reflect.NativeMethodAccessorImpl.invoke0(Native Method)
	at sun.reflect.NativeMethodAccessorImpl.invoke(NativeMethodAccessorImpl.java:57)
	at sun.reflect.DelegatingMethodAccessorImpl.invoke(DelegatingMethodAccessorImpl.java:43)
	at java.lang.reflect.Method.invoke(Method.java:606)
	at org.apache.hadoop.util.RunJar.main(RunJar.java:212)
============= end nested exception, level (3) ===========
Cleanup action completed
